<?xml version="1.0" encoding="UTF-8"?>
<testsuite name="simpleCalculatorTest" tests="2" skipped="0" failures="0" errors="0" timestamp="2019-12-03T09:54:54" hostname="recruit-ThinkCentre-M73" time="0.017">
  <properties/>
  <testcase name="Addition()" classname="simpleCalculatorTest" time="0.011"/>
  <testcase name="Multiple()" classname="simpleCalculatorTest" time="0.004"/>
  <system-out><![CDATA[]]></system-out>
  <system-err><![CDATA[]]></system-err>
</testsuite>
